<?xml version="1.0" encoding="UTF-8"?>
<!-- Generated by org.testng.reporters.JUnitXMLReporter -->
<testsuite ignored="0" hostname="Saifuls-MBP.lan" failures="0" tests="6" name="Default test" time="3.294" errors="0" timestamp="2024-11-06T22:05:48 EST">
  <testcase classname="api.Test.DataDriverTest" name="TestPostuser" time="0.91"/>
  <testcase classname="api.Test.DataDriverTest" name="TestPostuser" time="0.397"/>
  <testcase classname="api.Test.DataDriverTest" name="TestPostuser" time="0.458"/>
  <testcase classname="api.Test.DataDriverTest" name="TestDeleteUserByName" time="0.236"/>
  <testcase classname="api.Test.DataDriverTest" name="TestDeleteUserByName" time="0.433"/>
  <testcase classname="api.Test.DataDriverTest" name="TestDeleteUserByName" time="0.285"/>
</testsuite> <!-- Default test -->
