<?xml version="1.0" encoding="UTF-8"?>
<!-- Generated by org.testng.reporters.JUnitXMLReporter -->
<testsuite ignored="0" hostname="Saifuls-MBP.lan" failures="0" tests="4" name="Test" time="3.376" errors="0" timestamp="2024-11-08T09:48:25 EST">
  <testcase classname="api.Test.UserTests2UserEndPointsRoutesImplimentataion2ForPropertiesFile" name="TestPostuser" time="0.962"/>
  <testcase classname="api.Test.UserTests2UserEndPointsRoutesImplimentataion2ForPropertiesFile" name="testGetUserByName" time="0.476"/>
  <testcase classname="api.Test.UserTests2UserEndPointsRoutesImplimentataion2ForPropertiesFile" name="TestUpdateuserByName" time="1.29"/>
  <testcase classname="api.Test.UserTests2UserEndPointsRoutesImplimentataion2ForPropertiesFile" name="testDeleteUserByName" time="0.284"/>
</testsuite> <!-- Test -->
