<?xml version="1.0" encoding="UTF-8"?>
<!-- Generated by org.testng.reporters.JUnitXMLReporter -->
<testsuite ignored="0" hostname="Saifuls-MBP.lan" failures="0" tests="4" name="Test" time="2.702" errors="0" timestamp="2024-11-07T13:24:51 EST">
  <testcase classname="api.Test.UserTests2UserEndPointsRoutesImplimentataion2ForPropertiesFile" name="TestPostuser" time="0.904"/>
  <testcase classname="api.Test.UserTests2UserEndPointsRoutesImplimentataion2ForPropertiesFile" name="testGetUserByName" time="0.418"/>
  <testcase classname="api.Test.UserTests2UserEndPointsRoutesImplimentataion2ForPropertiesFile" name="TestUpdateuserByName" time="0.545"/>
  <testcase classname="api.Test.UserTests2UserEndPointsRoutesImplimentataion2ForPropertiesFile" name="testDeleteUserByName" time="0.472"/>
</testsuite> <!-- Test -->
