<?xml version="1.0" encoding="UTF-8"?>
<testng-results ignored="0" total="4" passed="4" failed="0" skipped="0">
  <reporter-output>
  </reporter-output>
  <suite started-at="2024-11-07T13:24:48 EST" name="Suite" finished-at="2024-11-07T13:24:51 EST" duration-ms="2702">
    <groups>
    </groups>
    <test started-at="2024-11-07T13:24:48 EST" name="Test" finished-at="2024-11-07T13:24:51 EST" duration-ms="2702">
      <class name="api.Test.UserTests2UserEndPointsRoutesImplimentataion2ForPropertiesFile">
        <test-method is-config="true" signature="Setup()[pri:0, instance:api.Test.UserTests2UserEndPointsRoutesImplimentataion2ForPropertiesFile@5ccddd20]" started-at="2024-11-07T13:24:48 EST" name="Setup" finished-at="2024-11-07T13:24:48 EST" duration-ms="246" status="PASS">
          <reporter-output>
          </reporter-output>
        </test-method> <!-- Setup -->
        <test-method signature="TestPostuser()[pri:1, instance:api.Test.UserTests2UserEndPointsRoutesImplimentataion2ForPropertiesFile@5ccddd20]" started-at="2024-11-07T13:24:48 EST" name="TestPostuser" finished-at="2024-11-07T13:24:49 EST" duration-ms="904" status="PASS">
          <reporter-output>
          </reporter-output>
        </test-method> <!-- TestPostuser -->
        <test-method signature="testGetUserByName()[pri:2, instance:api.Test.UserTests2UserEndPointsRoutesImplimentataion2ForPropertiesFile@5ccddd20]" started-at="2024-11-07T13:24:49 EST" name="testGetUserByName" finished-at="2024-11-07T13:24:50 EST" duration-ms="418" status="PASS">
          <reporter-output>
          </reporter-output>
        </test-method> <!-- testGetUserByName -->
        <test-method signature="TestUpdateuserByName()[pri:3, instance:api.Test.UserTests2UserEndPointsRoutesImplimentataion2ForPropertiesFile@5ccddd20]" started-at="2024-11-07T13:24:50 EST" name="TestUpdateuserByName" finished-at="2024-11-07T13:24:50 EST" duration-ms="545" status="PASS">
          <reporter-output>
          </reporter-output>
        </test-method> <!-- TestUpdateuserByName -->
        <test-method signature="testDeleteUserByName()[pri:4, instance:api.Test.UserTests2UserEndPointsRoutesImplimentataion2ForPropertiesFile@5ccddd20]" started-at="2024-11-07T13:24:50 EST" name="testDeleteUserByName" finished-at="2024-11-07T13:24:51 EST" duration-ms="472" status="PASS">
          <reporter-output>
          </reporter-output>
        </test-method> <!-- testDeleteUserByName -->
      </class> <!-- api.Test.UserTests2UserEndPointsRoutesImplimentataion2ForPropertiesFile -->
    </test> <!-- Test -->
  </suite> <!-- Suite -->
</testng-results>
