<?xml version="1.0" encoding="UTF-8"?>
<testng-results ignored="0" total="4" passed="4" failed="0" skipped="0">
  <reporter-output>
  </reporter-output>
  <suite started-at="2024-11-07T12:20:27 EST" name="Suite" finished-at="2024-11-07T12:20:30 EST" duration-ms="3583">
    <groups>
    </groups>
    <test started-at="2024-11-07T12:20:27 EST" name="Test" finished-at="2024-11-07T12:20:30 EST" duration-ms="3583">
      <class name="api.Test.UserTests2UserEndPointsRoutesImplimentataion2ForPropertiesFile">
        <test-method is-config="true" signature="Setup()[pri:0, instance:api.Test.UserTests2UserEndPointsRoutesImplimentataion2ForPropertiesFile@1b7cc17c]" started-at="2024-11-07T12:20:27 EST" name="Setup" finished-at="2024-11-07T12:20:27 EST" duration-ms="258" status="PASS">
          <reporter-output>
          </reporter-output>
        </test-method> <!-- Setup -->
        <test-method signature="TestPostuser()[pri:1, instance:api.Test.UserTests2UserEndPointsRoutesImplimentataion2ForPropertiesFile@1b7cc17c]" started-at="2024-11-07T12:20:27 EST" name="TestPostuser" finished-at="2024-11-07T12:20:28 EST" duration-ms="967" status="PASS">
          <reporter-output>
          </reporter-output>
        </test-method> <!-- TestPostuser -->
        <test-method signature="testGetUserByName()[pri:2, instance:api.Test.UserTests2UserEndPointsRoutesImplimentataion2ForPropertiesFile@1b7cc17c]" started-at="2024-11-07T12:20:28 EST" name="testGetUserByName" finished-at="2024-11-07T12:20:28 EST" duration-ms="457" status="PASS">
          <reporter-output>
          </reporter-output>
        </test-method> <!-- testGetUserByName -->
        <test-method signature="TestUpdateuserByName()[pri:3, instance:api.Test.UserTests2UserEndPointsRoutesImplimentataion2ForPropertiesFile@1b7cc17c]" started-at="2024-11-07T12:20:28 EST" name="TestUpdateuserByName" finished-at="2024-11-07T12:20:29 EST" duration-ms="990" status="PASS">
          <reporter-output>
          </reporter-output>
        </test-method> <!-- TestUpdateuserByName -->
        <test-method signature="testDeleteUserByName()[pri:4, instance:api.Test.UserTests2UserEndPointsRoutesImplimentataion2ForPropertiesFile@1b7cc17c]" started-at="2024-11-07T12:20:29 EST" name="testDeleteUserByName" finished-at="2024-11-07T12:20:30 EST" duration-ms="796" status="PASS">
          <reporter-output>
          </reporter-output>
        </test-method> <!-- testDeleteUserByName -->
      </class> <!-- api.Test.UserTests2UserEndPointsRoutesImplimentataion2ForPropertiesFile -->
    </test> <!-- Test -->
  </suite> <!-- Suite -->
</testng-results>
